[2021-11-26 02:00:06,733] {processor.py:163} INFO - Started process (PID=90) to work on /home/airflow/.local/lib/python3.7/site-packages/airflow/example_dags/example_skip_dag.py
[2021-11-26 02:00:06,737] {processor.py:625} INFO - Processing file /home/airflow/.local/lib/python3.7/site-packages/airflow/example_dags/example_skip_dag.py for tasks to queue
[2021-11-26 02:00:06,745] {logging_mixin.py:109} INFO - [2021-11-26 02:00:06,745] {dagbag.py:500} INFO - Filling up the DagBag from /home/airflow/.local/lib/python3.7/site-packages/airflow/example_dags/example_skip_dag.py
[2021-11-26 02:00:06,801] {processor.py:637} INFO - DAG(s) dict_keys(['example_skip_dag']) retrieved from /home/airflow/.local/lib/python3.7/site-packages/airflow/example_dags/example_skip_dag.py
[2021-11-26 02:00:10,135] {logging_mixin.py:109} INFO - [2021-11-26 02:00:10,135] {providers_manager.py:156} WARNING - Exception when importing 'airflow.providers.google.leveldb.hooks.leveldb.LevelDBHook' from 'apache-airflow-providers-google' package: No module named 'plyvel'
[2021-11-26 02:00:10,567] {logging_mixin.py:109} INFO - [2021-11-26 02:00:10,567] {providers_manager.py:156} WARNING - Exception when importing 'airflow.providers.google.leveldb.hooks.leveldb.LevelDBHook' from 'apache-airflow-providers-google' package: No module named 'plyvel'
[2021-11-26 02:00:10,603] {logging_mixin.py:109} INFO - [2021-11-26 02:00:10,602] {manager.py:496} INFO - Created Permission View: can read on DAG:example_skip_dag
[2021-11-26 02:00:10,618] {logging_mixin.py:109} INFO - [2021-11-26 02:00:10,618] {manager.py:496} INFO - Created Permission View: can edit on DAG:example_skip_dag
[2021-11-26 02:00:10,620] {logging_mixin.py:109} INFO - [2021-11-26 02:00:10,620] {dag.py:2396} INFO - Sync 1 DAGs
[2021-11-26 02:00:10,632] {logging_mixin.py:109} INFO - [2021-11-26 02:00:10,632] {dag.py:2415} INFO - Creating ORM DAG for example_skip_dag
[2021-11-26 02:00:10,644] {logging_mixin.py:109} INFO - [2021-11-26 02:00:10,644] {dag.py:2928} INFO - Setting next_dagrun for example_skip_dag to 2021-11-25T02:00:10.644121+00:00
[2021-11-26 02:00:10,665] {processor.py:171} INFO - Processing /home/airflow/.local/lib/python3.7/site-packages/airflow/example_dags/example_skip_dag.py took 3.954 seconds
[2021-11-26 02:00:40,953] {processor.py:163} INFO - Started process (PID=240) to work on /home/airflow/.local/lib/python3.7/site-packages/airflow/example_dags/example_skip_dag.py
[2021-11-26 02:00:40,955] {processor.py:625} INFO - Processing file /home/airflow/.local/lib/python3.7/site-packages/airflow/example_dags/example_skip_dag.py for tasks to queue
[2021-11-26 02:00:40,957] {logging_mixin.py:109} INFO - [2021-11-26 02:00:40,957] {dagbag.py:500} INFO - Filling up the DagBag from /home/airflow/.local/lib/python3.7/site-packages/airflow/example_dags/example_skip_dag.py
[2021-11-26 02:00:40,999] {processor.py:637} INFO - DAG(s) dict_keys(['example_skip_dag']) retrieved from /home/airflow/.local/lib/python3.7/site-packages/airflow/example_dags/example_skip_dag.py
[2021-11-26 02:00:41,017] {logging_mixin.py:109} INFO - [2021-11-26 02:00:41,016] {dag.py:2396} INFO - Sync 1 DAGs
[2021-11-26 02:00:41,041] {logging_mixin.py:109} INFO - [2021-11-26 02:00:41,041] {dag.py:2928} INFO - Setting next_dagrun for example_skip_dag to 2021-11-25T02:00:41.040708+00:00
[2021-11-26 02:00:41,065] {processor.py:171} INFO - Processing /home/airflow/.local/lib/python3.7/site-packages/airflow/example_dags/example_skip_dag.py took 0.117 seconds
[2021-11-26 02:01:11,423] {processor.py:163} INFO - Started process (PID=294) to work on /home/airflow/.local/lib/python3.7/site-packages/airflow/example_dags/example_skip_dag.py
[2021-11-26 02:01:11,425] {processor.py:625} INFO - Processing file /home/airflow/.local/lib/python3.7/site-packages/airflow/example_dags/example_skip_dag.py for tasks to queue
[2021-11-26 02:01:11,427] {logging_mixin.py:109} INFO - [2021-11-26 02:01:11,426] {dagbag.py:500} INFO - Filling up the DagBag from /home/airflow/.local/lib/python3.7/site-packages/airflow/example_dags/example_skip_dag.py
[2021-11-26 02:01:11,465] {processor.py:637} INFO - DAG(s) dict_keys(['example_skip_dag']) retrieved from /home/airflow/.local/lib/python3.7/site-packages/airflow/example_dags/example_skip_dag.py
[2021-11-26 02:01:11,482] {logging_mixin.py:109} INFO - [2021-11-26 02:01:11,482] {dag.py:2396} INFO - Sync 1 DAGs
[2021-11-26 02:01:11,502] {logging_mixin.py:109} INFO - [2021-11-26 02:01:11,502] {dag.py:2928} INFO - Setting next_dagrun for example_skip_dag to 2021-11-25T02:01:11.502270+00:00
[2021-11-26 02:01:11,518] {processor.py:171} INFO - Processing /home/airflow/.local/lib/python3.7/site-packages/airflow/example_dags/example_skip_dag.py took 0.100 seconds
