[2021-11-26 01:59:42,822] {processor.py:163} INFO - Started process (PID=39) to work on /home/airflow/.local/lib/python3.7/site-packages/airflow/example_dags/example_task_group_decorator.py
[2021-11-26 01:59:42,828] {processor.py:625} INFO - Processing file /home/airflow/.local/lib/python3.7/site-packages/airflow/example_dags/example_task_group_decorator.py for tasks to queue
[2021-11-26 01:59:42,830] {logging_mixin.py:109} INFO - [2021-11-26 01:59:42,830] {dagbag.py:500} INFO - Filling up the DagBag from /home/airflow/.local/lib/python3.7/site-packages/airflow/example_dags/example_task_group_decorator.py
[2021-11-26 01:59:42,967] {processor.py:637} INFO - DAG(s) dict_keys(['example_task_group_decorator']) retrieved from /home/airflow/.local/lib/python3.7/site-packages/airflow/example_dags/example_task_group_decorator.py
[2021-11-26 01:59:55,184] {logging_mixin.py:109} INFO - [2021-11-26 01:59:55,184] {providers_manager.py:156} WARNING - Exception when importing 'airflow.providers.google.leveldb.hooks.leveldb.LevelDBHook' from 'apache-airflow-providers-google' package: No module named 'plyvel'
[2021-11-26 01:59:57,408] {logging_mixin.py:109} INFO - [2021-11-26 01:59:57,407] {providers_manager.py:156} WARNING - Exception when importing 'airflow.providers.google.leveldb.hooks.leveldb.LevelDBHook' from 'apache-airflow-providers-google' package: No module named 'plyvel'
[2021-11-26 01:59:57,444] {logging_mixin.py:109} INFO - [2021-11-26 01:59:57,444] {manager.py:496} INFO - Created Permission View: can read on DAG:example_task_group_decorator
[2021-11-26 01:59:57,455] {logging_mixin.py:109} INFO - [2021-11-26 01:59:57,455] {manager.py:496} INFO - Created Permission View: can edit on DAG:example_task_group_decorator
[2021-11-26 01:59:57,457] {logging_mixin.py:109} INFO - [2021-11-26 01:59:57,456] {dag.py:2396} INFO - Sync 1 DAGs
[2021-11-26 01:59:57,472] {logging_mixin.py:109} INFO - [2021-11-26 01:59:57,471] {dag.py:2415} INFO - Creating ORM DAG for example_task_group_decorator
[2021-11-26 01:59:57,508] {logging_mixin.py:109} INFO - [2021-11-26 01:59:57,508] {dag.py:2928} INFO - Setting next_dagrun for example_task_group_decorator to 2021-11-25T01:59:57.508445+00:00
[2021-11-26 01:59:57,541] {processor.py:171} INFO - Processing /home/airflow/.local/lib/python3.7/site-packages/airflow/example_dags/example_task_group_decorator.py took 14.761 seconds
[2021-11-26 02:00:38,413] {processor.py:163} INFO - Started process (PID=230) to work on /home/airflow/.local/lib/python3.7/site-packages/airflow/example_dags/example_task_group_decorator.py
[2021-11-26 02:00:38,415] {processor.py:625} INFO - Processing file /home/airflow/.local/lib/python3.7/site-packages/airflow/example_dags/example_task_group_decorator.py for tasks to queue
[2021-11-26 02:00:38,417] {logging_mixin.py:109} INFO - [2021-11-26 02:00:38,417] {dagbag.py:500} INFO - Filling up the DagBag from /home/airflow/.local/lib/python3.7/site-packages/airflow/example_dags/example_task_group_decorator.py
[2021-11-26 02:00:38,473] {processor.py:637} INFO - DAG(s) dict_keys(['example_task_group_decorator']) retrieved from /home/airflow/.local/lib/python3.7/site-packages/airflow/example_dags/example_task_group_decorator.py
[2021-11-26 02:00:38,857] {logging_mixin.py:109} INFO - [2021-11-26 02:00:38,857] {dag.py:2396} INFO - Sync 1 DAGs
[2021-11-26 02:00:38,887] {logging_mixin.py:109} INFO - [2021-11-26 02:00:38,886] {dag.py:2928} INFO - Setting next_dagrun for example_task_group_decorator to 2021-11-25T02:00:38.886691+00:00
[2021-11-26 02:00:38,919] {processor.py:171} INFO - Processing /home/airflow/.local/lib/python3.7/site-packages/airflow/example_dags/example_task_group_decorator.py took 0.512 seconds
[2021-11-26 02:01:09,457] {processor.py:163} INFO - Started process (PID=287) to work on /home/airflow/.local/lib/python3.7/site-packages/airflow/example_dags/example_task_group_decorator.py
[2021-11-26 02:01:09,462] {processor.py:625} INFO - Processing file /home/airflow/.local/lib/python3.7/site-packages/airflow/example_dags/example_task_group_decorator.py for tasks to queue
[2021-11-26 02:01:09,465] {logging_mixin.py:109} INFO - [2021-11-26 02:01:09,465] {dagbag.py:500} INFO - Filling up the DagBag from /home/airflow/.local/lib/python3.7/site-packages/airflow/example_dags/example_task_group_decorator.py
[2021-11-26 02:01:09,536] {processor.py:637} INFO - DAG(s) dict_keys(['example_task_group_decorator']) retrieved from /home/airflow/.local/lib/python3.7/site-packages/airflow/example_dags/example_task_group_decorator.py
[2021-11-26 02:01:09,927] {logging_mixin.py:109} INFO - [2021-11-26 02:01:09,927] {dag.py:2396} INFO - Sync 1 DAGs
[2021-11-26 02:01:09,948] {logging_mixin.py:109} INFO - [2021-11-26 02:01:09,947] {dag.py:2928} INFO - Setting next_dagrun for example_task_group_decorator to 2021-11-25T02:01:09.947652+00:00
[2021-11-26 02:01:09,966] {processor.py:171} INFO - Processing /home/airflow/.local/lib/python3.7/site-packages/airflow/example_dags/example_task_group_decorator.py took 0.521 seconds
