[2021-11-26 02:00:01,514] {processor.py:163} INFO - Started process (PID=67) to work on /home/airflow/.local/lib/python3.7/site-packages/airflow/example_dags/example_time_delta_sensor_async.py
[2021-11-26 02:00:01,518] {processor.py:625} INFO - Processing file /home/airflow/.local/lib/python3.7/site-packages/airflow/example_dags/example_time_delta_sensor_async.py for tasks to queue
[2021-11-26 02:00:01,524] {logging_mixin.py:109} INFO - [2021-11-26 02:00:01,523] {dagbag.py:500} INFO - Filling up the DagBag from /home/airflow/.local/lib/python3.7/site-packages/airflow/example_dags/example_time_delta_sensor_async.py
[2021-11-26 02:00:01,616] {processor.py:637} INFO - DAG(s) dict_keys(['example_time_delta_sensor_async']) retrieved from /home/airflow/.local/lib/python3.7/site-packages/airflow/example_dags/example_time_delta_sensor_async.py
[2021-11-26 02:00:04,742] {logging_mixin.py:109} INFO - [2021-11-26 02:00:04,742] {providers_manager.py:156} WARNING - Exception when importing 'airflow.providers.google.leveldb.hooks.leveldb.LevelDBHook' from 'apache-airflow-providers-google' package: No module named 'plyvel'
[2021-11-26 02:00:05,805] {logging_mixin.py:109} INFO - [2021-11-26 02:00:05,805] {providers_manager.py:156} WARNING - Exception when importing 'airflow.providers.google.leveldb.hooks.leveldb.LevelDBHook' from 'apache-airflow-providers-google' package: No module named 'plyvel'
[2021-11-26 02:00:05,855] {logging_mixin.py:109} INFO - [2021-11-26 02:00:05,855] {manager.py:496} INFO - Created Permission View: can read on DAG:example_time_delta_sensor_async
[2021-11-26 02:00:05,869] {logging_mixin.py:109} INFO - [2021-11-26 02:00:05,869] {manager.py:496} INFO - Created Permission View: can edit on DAG:example_time_delta_sensor_async
[2021-11-26 02:00:05,870] {logging_mixin.py:109} INFO - [2021-11-26 02:00:05,870] {dag.py:2396} INFO - Sync 1 DAGs
[2021-11-26 02:00:05,884] {logging_mixin.py:109} INFO - [2021-11-26 02:00:05,883] {dag.py:2415} INFO - Creating ORM DAG for example_time_delta_sensor_async
[2021-11-26 02:00:05,906] {logging_mixin.py:109} INFO - [2021-11-26 02:00:05,906] {dag.py:2928} INFO - Setting next_dagrun for example_time_delta_sensor_async to None
[2021-11-26 02:00:05,934] {processor.py:171} INFO - Processing /home/airflow/.local/lib/python3.7/site-packages/airflow/example_dags/example_time_delta_sensor_async.py took 4.455 seconds
[2021-11-26 02:00:39,653] {processor.py:163} INFO - Started process (PID=237) to work on /home/airflow/.local/lib/python3.7/site-packages/airflow/example_dags/example_time_delta_sensor_async.py
[2021-11-26 02:00:39,656] {processor.py:625} INFO - Processing file /home/airflow/.local/lib/python3.7/site-packages/airflow/example_dags/example_time_delta_sensor_async.py for tasks to queue
[2021-11-26 02:00:39,658] {logging_mixin.py:109} INFO - [2021-11-26 02:00:39,658] {dagbag.py:500} INFO - Filling up the DagBag from /home/airflow/.local/lib/python3.7/site-packages/airflow/example_dags/example_time_delta_sensor_async.py
[2021-11-26 02:00:39,703] {processor.py:637} INFO - DAG(s) dict_keys(['example_time_delta_sensor_async']) retrieved from /home/airflow/.local/lib/python3.7/site-packages/airflow/example_dags/example_time_delta_sensor_async.py
[2021-11-26 02:00:39,719] {logging_mixin.py:109} INFO - [2021-11-26 02:00:39,719] {dag.py:2396} INFO - Sync 1 DAGs
[2021-11-26 02:00:39,740] {logging_mixin.py:109} INFO - [2021-11-26 02:00:39,740] {dag.py:2928} INFO - Setting next_dagrun for example_time_delta_sensor_async to None
[2021-11-26 02:00:39,758] {processor.py:171} INFO - Processing /home/airflow/.local/lib/python3.7/site-packages/airflow/example_dags/example_time_delta_sensor_async.py took 0.110 seconds
[2021-11-26 02:01:10,228] {processor.py:163} INFO - Started process (PID=290) to work on /home/airflow/.local/lib/python3.7/site-packages/airflow/example_dags/example_time_delta_sensor_async.py
[2021-11-26 02:01:10,231] {processor.py:625} INFO - Processing file /home/airflow/.local/lib/python3.7/site-packages/airflow/example_dags/example_time_delta_sensor_async.py for tasks to queue
[2021-11-26 02:01:10,234] {logging_mixin.py:109} INFO - [2021-11-26 02:01:10,234] {dagbag.py:500} INFO - Filling up the DagBag from /home/airflow/.local/lib/python3.7/site-packages/airflow/example_dags/example_time_delta_sensor_async.py
[2021-11-26 02:01:10,285] {processor.py:637} INFO - DAG(s) dict_keys(['example_time_delta_sensor_async']) retrieved from /home/airflow/.local/lib/python3.7/site-packages/airflow/example_dags/example_time_delta_sensor_async.py
[2021-11-26 02:01:10,302] {logging_mixin.py:109} INFO - [2021-11-26 02:01:10,301] {dag.py:2396} INFO - Sync 1 DAGs
[2021-11-26 02:01:10,336] {logging_mixin.py:109} INFO - [2021-11-26 02:01:10,336] {dag.py:2928} INFO - Setting next_dagrun for example_time_delta_sensor_async to None
[2021-11-26 02:01:10,371] {processor.py:171} INFO - Processing /home/airflow/.local/lib/python3.7/site-packages/airflow/example_dags/example_time_delta_sensor_async.py took 0.151 seconds
