[2021-11-26 02:00:20,446] {processor.py:163} INFO - Started process (PID=139) to work on /home/airflow/.local/lib/python3.7/site-packages/airflow/example_dags/example_xcomargs.py
[2021-11-26 02:00:20,454] {processor.py:625} INFO - Processing file /home/airflow/.local/lib/python3.7/site-packages/airflow/example_dags/example_xcomargs.py for tasks to queue
[2021-11-26 02:00:20,457] {logging_mixin.py:109} INFO - [2021-11-26 02:00:20,456] {dagbag.py:500} INFO - Filling up the DagBag from /home/airflow/.local/lib/python3.7/site-packages/airflow/example_dags/example_xcomargs.py
[2021-11-26 02:00:20,522] {processor.py:637} INFO - DAG(s) dict_keys(['example_xcom_args', 'example_xcom_args_with_operators']) retrieved from /home/airflow/.local/lib/python3.7/site-packages/airflow/example_dags/example_xcomargs.py
[2021-11-26 02:00:22,392] {logging_mixin.py:109} INFO - [2021-11-26 02:00:22,392] {providers_manager.py:156} WARNING - Exception when importing 'airflow.providers.google.leveldb.hooks.leveldb.LevelDBHook' from 'apache-airflow-providers-google' package: No module named 'plyvel'
[2021-11-26 02:00:22,900] {logging_mixin.py:109} INFO - [2021-11-26 02:00:22,900] {providers_manager.py:156} WARNING - Exception when importing 'airflow.providers.google.leveldb.hooks.leveldb.LevelDBHook' from 'apache-airflow-providers-google' package: No module named 'plyvel'
[2021-11-26 02:00:22,932] {logging_mixin.py:109} INFO - [2021-11-26 02:00:22,932] {manager.py:496} INFO - Created Permission View: can read on DAG:example_xcom_args
[2021-11-26 02:00:22,945] {logging_mixin.py:109} INFO - [2021-11-26 02:00:22,944] {manager.py:496} INFO - Created Permission View: can edit on DAG:example_xcom_args
[2021-11-26 02:00:22,968] {logging_mixin.py:109} INFO - [2021-11-26 02:00:22,967] {manager.py:496} INFO - Created Permission View: can read on DAG:example_xcom_args_with_operators
[2021-11-26 02:00:22,984] {logging_mixin.py:109} INFO - [2021-11-26 02:00:22,984] {manager.py:496} INFO - Created Permission View: can edit on DAG:example_xcom_args_with_operators
[2021-11-26 02:00:22,986] {logging_mixin.py:109} INFO - [2021-11-26 02:00:22,986] {dag.py:2396} INFO - Sync 2 DAGs
[2021-11-26 02:00:23,013] {logging_mixin.py:109} INFO - [2021-11-26 02:00:23,012] {dag.py:2415} INFO - Creating ORM DAG for example_xcom_args_with_operators
[2021-11-26 02:00:23,016] {logging_mixin.py:109} INFO - [2021-11-26 02:00:23,016] {dag.py:2415} INFO - Creating ORM DAG for example_xcom_args
[2021-11-26 02:00:23,034] {logging_mixin.py:109} INFO - [2021-11-26 02:00:23,034] {dag.py:2928} INFO - Setting next_dagrun for example_xcom_args to None
[2021-11-26 02:00:23,036] {logging_mixin.py:109} INFO - [2021-11-26 02:00:23,036] {dag.py:2928} INFO - Setting next_dagrun for example_xcom_args_with_operators to None
[2021-11-26 02:00:23,055] {processor.py:171} INFO - Processing /home/airflow/.local/lib/python3.7/site-packages/airflow/example_dags/example_xcomargs.py took 2.613 seconds
[2021-11-26 02:00:53,758] {processor.py:163} INFO - Started process (PID=260) to work on /home/airflow/.local/lib/python3.7/site-packages/airflow/example_dags/example_xcomargs.py
[2021-11-26 02:00:53,760] {processor.py:625} INFO - Processing file /home/airflow/.local/lib/python3.7/site-packages/airflow/example_dags/example_xcomargs.py for tasks to queue
[2021-11-26 02:00:53,762] {logging_mixin.py:109} INFO - [2021-11-26 02:00:53,762] {dagbag.py:500} INFO - Filling up the DagBag from /home/airflow/.local/lib/python3.7/site-packages/airflow/example_dags/example_xcomargs.py
[2021-11-26 02:00:53,822] {processor.py:637} INFO - DAG(s) dict_keys(['example_xcom_args', 'example_xcom_args_with_operators']) retrieved from /home/airflow/.local/lib/python3.7/site-packages/airflow/example_dags/example_xcomargs.py
[2021-11-26 02:00:54,194] {logging_mixin.py:109} INFO - [2021-11-26 02:00:54,194] {dag.py:2396} INFO - Sync 2 DAGs
[2021-11-26 02:00:54,214] {logging_mixin.py:109} INFO - [2021-11-26 02:00:54,213] {dag.py:2928} INFO - Setting next_dagrun for example_xcom_args to None
[2021-11-26 02:00:54,215] {logging_mixin.py:109} INFO - [2021-11-26 02:00:54,215] {dag.py:2928} INFO - Setting next_dagrun for example_xcom_args_with_operators to None
[2021-11-26 02:00:54,230] {processor.py:171} INFO - Processing /home/airflow/.local/lib/python3.7/site-packages/airflow/example_dags/example_xcomargs.py took 0.478 seconds
