[2021-11-26 02:00:10,751] {processor.py:163} INFO - Started process (PID=100) to work on /home/airflow/.local/lib/python3.7/site-packages/airflow/example_dags/example_external_task_marker_dag.py
[2021-11-26 02:00:10,753] {processor.py:625} INFO - Processing file /home/airflow/.local/lib/python3.7/site-packages/airflow/example_dags/example_external_task_marker_dag.py for tasks to queue
[2021-11-26 02:00:10,755] {logging_mixin.py:109} INFO - [2021-11-26 02:00:10,755] {dagbag.py:500} INFO - Filling up the DagBag from /home/airflow/.local/lib/python3.7/site-packages/airflow/example_dags/example_external_task_marker_dag.py
[2021-11-26 02:00:10,806] {processor.py:637} INFO - DAG(s) dict_keys(['example_external_task_marker_parent', 'example_external_task_marker_child']) retrieved from /home/airflow/.local/lib/python3.7/site-packages/airflow/example_dags/example_external_task_marker_dag.py
[2021-11-26 02:00:12,555] {logging_mixin.py:109} INFO - [2021-11-26 02:00:12,555] {providers_manager.py:156} WARNING - Exception when importing 'airflow.providers.google.leveldb.hooks.leveldb.LevelDBHook' from 'apache-airflow-providers-google' package: No module named 'plyvel'
[2021-11-26 02:00:12,943] {logging_mixin.py:109} INFO - [2021-11-26 02:00:12,943] {providers_manager.py:156} WARNING - Exception when importing 'airflow.providers.google.leveldb.hooks.leveldb.LevelDBHook' from 'apache-airflow-providers-google' package: No module named 'plyvel'
[2021-11-26 02:00:12,971] {logging_mixin.py:109} INFO - [2021-11-26 02:00:12,971] {manager.py:496} INFO - Created Permission View: can read on DAG:example_external_task_marker_parent
[2021-11-26 02:00:12,987] {logging_mixin.py:109} INFO - [2021-11-26 02:00:12,987] {manager.py:496} INFO - Created Permission View: can edit on DAG:example_external_task_marker_parent
[2021-11-26 02:00:13,029] {logging_mixin.py:109} INFO - [2021-11-26 02:00:13,028] {manager.py:496} INFO - Created Permission View: can read on DAG:example_external_task_marker_child
[2021-11-26 02:00:13,048] {logging_mixin.py:109} INFO - [2021-11-26 02:00:13,047] {manager.py:496} INFO - Created Permission View: can edit on DAG:example_external_task_marker_child
[2021-11-26 02:00:13,050] {logging_mixin.py:109} INFO - [2021-11-26 02:00:13,049] {dag.py:2396} INFO - Sync 2 DAGs
[2021-11-26 02:00:13,066] {logging_mixin.py:109} INFO - [2021-11-26 02:00:13,066] {dag.py:2415} INFO - Creating ORM DAG for example_external_task_marker_child
[2021-11-26 02:00:13,069] {logging_mixin.py:109} INFO - [2021-11-26 02:00:13,069] {dag.py:2415} INFO - Creating ORM DAG for example_external_task_marker_parent
[2021-11-26 02:00:13,086] {logging_mixin.py:109} INFO - [2021-11-26 02:00:13,086] {dag.py:2928} INFO - Setting next_dagrun for example_external_task_marker_child to None
[2021-11-26 02:00:13,088] {logging_mixin.py:109} INFO - [2021-11-26 02:00:13,088] {dag.py:2928} INFO - Setting next_dagrun for example_external_task_marker_parent to None
[2021-11-26 02:00:13,123] {processor.py:171} INFO - Processing /home/airflow/.local/lib/python3.7/site-packages/airflow/example_dags/example_external_task_marker_dag.py took 2.377 seconds
[2021-11-26 02:00:44,132] {processor.py:163} INFO - Started process (PID=242) to work on /home/airflow/.local/lib/python3.7/site-packages/airflow/example_dags/example_external_task_marker_dag.py
[2021-11-26 02:00:44,137] {processor.py:625} INFO - Processing file /home/airflow/.local/lib/python3.7/site-packages/airflow/example_dags/example_external_task_marker_dag.py for tasks to queue
[2021-11-26 02:00:44,140] {logging_mixin.py:109} INFO - [2021-11-26 02:00:44,140] {dagbag.py:500} INFO - Filling up the DagBag from /home/airflow/.local/lib/python3.7/site-packages/airflow/example_dags/example_external_task_marker_dag.py
[2021-11-26 02:00:44,181] {processor.py:637} INFO - DAG(s) dict_keys(['example_external_task_marker_parent', 'example_external_task_marker_child']) retrieved from /home/airflow/.local/lib/python3.7/site-packages/airflow/example_dags/example_external_task_marker_dag.py
[2021-11-26 02:00:44,215] {logging_mixin.py:109} INFO - [2021-11-26 02:00:44,215] {dag.py:2396} INFO - Sync 2 DAGs
[2021-11-26 02:00:44,256] {logging_mixin.py:109} INFO - [2021-11-26 02:00:44,256] {dag.py:2928} INFO - Setting next_dagrun for example_external_task_marker_child to None
[2021-11-26 02:00:44,258] {logging_mixin.py:109} INFO - [2021-11-26 02:00:44,258] {dag.py:2928} INFO - Setting next_dagrun for example_external_task_marker_parent to None
[2021-11-26 02:00:44,288] {processor.py:171} INFO - Processing /home/airflow/.local/lib/python3.7/site-packages/airflow/example_dags/example_external_task_marker_dag.py took 0.162 seconds
[2021-11-26 02:01:14,490] {processor.py:163} INFO - Started process (PID=296) to work on /home/airflow/.local/lib/python3.7/site-packages/airflow/example_dags/example_external_task_marker_dag.py
[2021-11-26 02:01:14,492] {processor.py:625} INFO - Processing file /home/airflow/.local/lib/python3.7/site-packages/airflow/example_dags/example_external_task_marker_dag.py for tasks to queue
[2021-11-26 02:01:14,495] {logging_mixin.py:109} INFO - [2021-11-26 02:01:14,495] {dagbag.py:500} INFO - Filling up the DagBag from /home/airflow/.local/lib/python3.7/site-packages/airflow/example_dags/example_external_task_marker_dag.py
[2021-11-26 02:01:15,158] {logging_mixin.py:109} INFO - [2021-11-26 02:01:15,157] {process_utils.py:212} INFO - Waiting up to 5 seconds for processes to exit...
