[2021-11-26 01:59:57,639] {processor.py:163} INFO - Started process (PID=58) to work on /home/airflow/.local/lib/python3.7/site-packages/airflow/example_dags/example_latest_only_with_trigger.py
[2021-11-26 01:59:57,642] {processor.py:625} INFO - Processing file /home/airflow/.local/lib/python3.7/site-packages/airflow/example_dags/example_latest_only_with_trigger.py for tasks to queue
[2021-11-26 01:59:57,644] {logging_mixin.py:109} INFO - [2021-11-26 01:59:57,644] {dagbag.py:500} INFO - Filling up the DagBag from /home/airflow/.local/lib/python3.7/site-packages/airflow/example_dags/example_latest_only_with_trigger.py
[2021-11-26 01:59:57,728] {processor.py:637} INFO - DAG(s) dict_keys(['latest_only_with_trigger']) retrieved from /home/airflow/.local/lib/python3.7/site-packages/airflow/example_dags/example_latest_only_with_trigger.py
[2021-11-26 02:00:00,588] {logging_mixin.py:109} INFO - [2021-11-26 02:00:00,588] {providers_manager.py:156} WARNING - Exception when importing 'airflow.providers.google.leveldb.hooks.leveldb.LevelDBHook' from 'apache-airflow-providers-google' package: No module named 'plyvel'
[2021-11-26 02:00:01,358] {logging_mixin.py:109} INFO - [2021-11-26 02:00:01,358] {providers_manager.py:156} WARNING - Exception when importing 'airflow.providers.google.leveldb.hooks.leveldb.LevelDBHook' from 'apache-airflow-providers-google' package: No module named 'plyvel'
[2021-11-26 02:00:01,399] {logging_mixin.py:109} INFO - [2021-11-26 02:00:01,398] {manager.py:496} INFO - Created Permission View: can read on DAG:latest_only_with_trigger
[2021-11-26 02:00:01,412] {logging_mixin.py:109} INFO - [2021-11-26 02:00:01,412] {manager.py:496} INFO - Created Permission View: can edit on DAG:latest_only_with_trigger
[2021-11-26 02:00:01,418] {logging_mixin.py:109} INFO - [2021-11-26 02:00:01,417] {dag.py:2396} INFO - Sync 1 DAGs
[2021-11-26 02:00:01,431] {logging_mixin.py:109} INFO - [2021-11-26 02:00:01,430] {dag.py:2415} INFO - Creating ORM DAG for latest_only_with_trigger
[2021-11-26 02:00:01,451] {logging_mixin.py:109} INFO - [2021-11-26 02:00:01,451] {dag.py:2928} INFO - Setting next_dagrun for latest_only_with_trigger to 2021-11-25T22:00:01.451137+00:00
[2021-11-26 02:00:01,482] {processor.py:171} INFO - Processing /home/airflow/.local/lib/python3.7/site-packages/airflow/example_dags/example_latest_only_with_trigger.py took 3.848 seconds
[2021-11-26 02:00:39,507] {processor.py:163} INFO - Started process (PID=236) to work on /home/airflow/.local/lib/python3.7/site-packages/airflow/example_dags/example_latest_only_with_trigger.py
[2021-11-26 02:00:39,510] {processor.py:625} INFO - Processing file /home/airflow/.local/lib/python3.7/site-packages/airflow/example_dags/example_latest_only_with_trigger.py for tasks to queue
[2021-11-26 02:00:39,512] {logging_mixin.py:109} INFO - [2021-11-26 02:00:39,512] {dagbag.py:500} INFO - Filling up the DagBag from /home/airflow/.local/lib/python3.7/site-packages/airflow/example_dags/example_latest_only_with_trigger.py
[2021-11-26 02:00:39,564] {processor.py:637} INFO - DAG(s) dict_keys(['latest_only_with_trigger']) retrieved from /home/airflow/.local/lib/python3.7/site-packages/airflow/example_dags/example_latest_only_with_trigger.py
[2021-11-26 02:00:39,582] {logging_mixin.py:109} INFO - [2021-11-26 02:00:39,582] {dag.py:2396} INFO - Sync 1 DAGs
[2021-11-26 02:00:39,604] {logging_mixin.py:109} INFO - [2021-11-26 02:00:39,604] {dag.py:2928} INFO - Setting next_dagrun for latest_only_with_trigger to 2021-11-25T22:00:39.604404+00:00
[2021-11-26 02:00:39,623] {processor.py:171} INFO - Processing /home/airflow/.local/lib/python3.7/site-packages/airflow/example_dags/example_latest_only_with_trigger.py took 0.121 seconds
[2021-11-26 02:01:10,019] {processor.py:163} INFO - Started process (PID=289) to work on /home/airflow/.local/lib/python3.7/site-packages/airflow/example_dags/example_latest_only_with_trigger.py
[2021-11-26 02:01:10,023] {processor.py:625} INFO - Processing file /home/airflow/.local/lib/python3.7/site-packages/airflow/example_dags/example_latest_only_with_trigger.py for tasks to queue
[2021-11-26 02:01:10,028] {logging_mixin.py:109} INFO - [2021-11-26 02:01:10,028] {dagbag.py:500} INFO - Filling up the DagBag from /home/airflow/.local/lib/python3.7/site-packages/airflow/example_dags/example_latest_only_with_trigger.py
[2021-11-26 02:01:10,091] {processor.py:637} INFO - DAG(s) dict_keys(['latest_only_with_trigger']) retrieved from /home/airflow/.local/lib/python3.7/site-packages/airflow/example_dags/example_latest_only_with_trigger.py
[2021-11-26 02:01:10,116] {logging_mixin.py:109} INFO - [2021-11-26 02:01:10,116] {dag.py:2396} INFO - Sync 1 DAGs
[2021-11-26 02:01:10,153] {logging_mixin.py:109} INFO - [2021-11-26 02:01:10,153] {dag.py:2928} INFO - Setting next_dagrun for latest_only_with_trigger to 2021-11-25T22:01:10.152658+00:00
[2021-11-26 02:01:10,172] {processor.py:171} INFO - Processing /home/airflow/.local/lib/python3.7/site-packages/airflow/example_dags/example_latest_only_with_trigger.py took 0.161 seconds
