[2021-11-26 01:59:57,612] {processor.py:163} INFO - Started process (PID=57) to work on /home/airflow/.local/lib/python3.7/site-packages/airflow/example_dags/example_dag_decorator.py
[2021-11-26 01:59:57,621] {processor.py:625} INFO - Processing file /home/airflow/.local/lib/python3.7/site-packages/airflow/example_dags/example_dag_decorator.py for tasks to queue
[2021-11-26 01:59:57,630] {logging_mixin.py:109} INFO - [2021-11-26 01:59:57,629] {dagbag.py:500} INFO - Filling up the DagBag from /home/airflow/.local/lib/python3.7/site-packages/airflow/example_dags/example_dag_decorator.py
[2021-11-26 01:59:57,758] {processor.py:637} INFO - DAG(s) dict_keys(['example_dag_decorator']) retrieved from /home/airflow/.local/lib/python3.7/site-packages/airflow/example_dags/example_dag_decorator.py
[2021-11-26 02:00:00,467] {logging_mixin.py:109} INFO - [2021-11-26 02:00:00,467] {providers_manager.py:156} WARNING - Exception when importing 'airflow.providers.google.leveldb.hooks.leveldb.LevelDBHook' from 'apache-airflow-providers-google' package: No module named 'plyvel'
[2021-11-26 02:00:01,230] {logging_mixin.py:109} INFO - [2021-11-26 02:00:01,229] {providers_manager.py:156} WARNING - Exception when importing 'airflow.providers.google.leveldb.hooks.leveldb.LevelDBHook' from 'apache-airflow-providers-google' package: No module named 'plyvel'
[2021-11-26 02:00:01,296] {logging_mixin.py:109} INFO - [2021-11-26 02:00:01,296] {manager.py:496} INFO - Created Permission View: can read on DAG:example_dag_decorator
[2021-11-26 02:00:01,317] {logging_mixin.py:109} INFO - [2021-11-26 02:00:01,317] {manager.py:496} INFO - Created Permission View: can edit on DAG:example_dag_decorator
[2021-11-26 02:00:01,319] {logging_mixin.py:109} INFO - [2021-11-26 02:00:01,318] {dag.py:2396} INFO - Sync 1 DAGs
[2021-11-26 02:00:01,336] {logging_mixin.py:109} INFO - [2021-11-26 02:00:01,336] {dag.py:2415} INFO - Creating ORM DAG for example_dag_decorator
[2021-11-26 02:00:01,353] {logging_mixin.py:109} INFO - [2021-11-26 02:00:01,353] {dag.py:2928} INFO - Setting next_dagrun for example_dag_decorator to None
[2021-11-26 02:00:01,376] {processor.py:171} INFO - Processing /home/airflow/.local/lib/python3.7/site-packages/airflow/example_dags/example_dag_decorator.py took 3.773 seconds
[2021-11-26 02:00:38,970] {processor.py:163} INFO - Started process (PID=234) to work on /home/airflow/.local/lib/python3.7/site-packages/airflow/example_dags/example_dag_decorator.py
[2021-11-26 02:00:38,973] {processor.py:625} INFO - Processing file /home/airflow/.local/lib/python3.7/site-packages/airflow/example_dags/example_dag_decorator.py for tasks to queue
[2021-11-26 02:00:38,975] {logging_mixin.py:109} INFO - [2021-11-26 02:00:38,975] {dagbag.py:500} INFO - Filling up the DagBag from /home/airflow/.local/lib/python3.7/site-packages/airflow/example_dags/example_dag_decorator.py
[2021-11-26 02:00:39,063] {processor.py:637} INFO - DAG(s) dict_keys(['example_dag_decorator']) retrieved from /home/airflow/.local/lib/python3.7/site-packages/airflow/example_dags/example_dag_decorator.py
[2021-11-26 02:00:39,422] {logging_mixin.py:109} INFO - [2021-11-26 02:00:39,422] {dag.py:2396} INFO - Sync 1 DAGs
[2021-11-26 02:00:39,446] {logging_mixin.py:109} INFO - [2021-11-26 02:00:39,446] {dag.py:2928} INFO - Setting next_dagrun for example_dag_decorator to None
[2021-11-26 02:00:39,463] {processor.py:171} INFO - Processing /home/airflow/.local/lib/python3.7/site-packages/airflow/example_dags/example_dag_decorator.py took 0.497 seconds
[2021-11-26 02:01:09,645] {processor.py:163} INFO - Started process (PID=288) to work on /home/airflow/.local/lib/python3.7/site-packages/airflow/example_dags/example_dag_decorator.py
[2021-11-26 02:01:09,649] {processor.py:625} INFO - Processing file /home/airflow/.local/lib/python3.7/site-packages/airflow/example_dags/example_dag_decorator.py for tasks to queue
[2021-11-26 02:01:09,654] {logging_mixin.py:109} INFO - [2021-11-26 02:01:09,654] {dagbag.py:500} INFO - Filling up the DagBag from /home/airflow/.local/lib/python3.7/site-packages/airflow/example_dags/example_dag_decorator.py
[2021-11-26 02:01:09,720] {processor.py:637} INFO - DAG(s) dict_keys(['example_dag_decorator']) retrieved from /home/airflow/.local/lib/python3.7/site-packages/airflow/example_dags/example_dag_decorator.py
[2021-11-26 02:01:10,134] {logging_mixin.py:109} INFO - [2021-11-26 02:01:10,134] {dag.py:2396} INFO - Sync 1 DAGs
[2021-11-26 02:01:10,162] {logging_mixin.py:109} INFO - [2021-11-26 02:01:10,162] {dag.py:2928} INFO - Setting next_dagrun for example_dag_decorator to None
[2021-11-26 02:01:10,175] {processor.py:171} INFO - Processing /home/airflow/.local/lib/python3.7/site-packages/airflow/example_dags/example_dag_decorator.py took 0.541 seconds
