[2021-11-26 02:00:10,751] {processor.py:163} INFO - Started process (PID=99) to work on /home/airflow/.local/lib/python3.7/site-packages/airflow/example_dags/example_trigger_target_dag.py
[2021-11-26 02:00:10,753] {processor.py:625} INFO - Processing file /home/airflow/.local/lib/python3.7/site-packages/airflow/example_dags/example_trigger_target_dag.py for tasks to queue
[2021-11-26 02:00:10,755] {logging_mixin.py:109} INFO - [2021-11-26 02:00:10,755] {dagbag.py:500} INFO - Filling up the DagBag from /home/airflow/.local/lib/python3.7/site-packages/airflow/example_dags/example_trigger_target_dag.py
[2021-11-26 02:00:10,805] {processor.py:637} INFO - DAG(s) dict_keys(['example_trigger_target_dag']) retrieved from /home/airflow/.local/lib/python3.7/site-packages/airflow/example_dags/example_trigger_target_dag.py
[2021-11-26 02:00:12,556] {logging_mixin.py:109} INFO - [2021-11-26 02:00:12,556] {providers_manager.py:156} WARNING - Exception when importing 'airflow.providers.google.leveldb.hooks.leveldb.LevelDBHook' from 'apache-airflow-providers-google' package: No module named 'plyvel'
[2021-11-26 02:00:12,961] {logging_mixin.py:109} INFO - [2021-11-26 02:00:12,961] {providers_manager.py:156} WARNING - Exception when importing 'airflow.providers.google.leveldb.hooks.leveldb.LevelDBHook' from 'apache-airflow-providers-google' package: No module named 'plyvel'
[2021-11-26 02:00:12,985] {logging_mixin.py:109} INFO - [2021-11-26 02:00:12,985] {manager.py:496} INFO - Created Permission View: can read on DAG:example_trigger_target_dag
[2021-11-26 02:00:13,002] {logging_mixin.py:109} INFO - [2021-11-26 02:00:13,001] {manager.py:496} INFO - Created Permission View: can edit on DAG:example_trigger_target_dag
[2021-11-26 02:00:13,005] {logging_mixin.py:109} INFO - [2021-11-26 02:00:13,004] {dag.py:2396} INFO - Sync 1 DAGs
[2021-11-26 02:00:13,023] {logging_mixin.py:109} INFO - [2021-11-26 02:00:13,022] {dag.py:2415} INFO - Creating ORM DAG for example_trigger_target_dag
[2021-11-26 02:00:13,046] {logging_mixin.py:109} INFO - [2021-11-26 02:00:13,046] {dag.py:2928} INFO - Setting next_dagrun for example_trigger_target_dag to None
[2021-11-26 02:00:13,066] {processor.py:171} INFO - Processing /home/airflow/.local/lib/python3.7/site-packages/airflow/example_dags/example_trigger_target_dag.py took 2.330 seconds
[2021-11-26 02:00:44,123] {processor.py:163} INFO - Started process (PID=241) to work on /home/airflow/.local/lib/python3.7/site-packages/airflow/example_dags/example_trigger_target_dag.py
[2021-11-26 02:00:44,128] {processor.py:625} INFO - Processing file /home/airflow/.local/lib/python3.7/site-packages/airflow/example_dags/example_trigger_target_dag.py for tasks to queue
[2021-11-26 02:00:44,130] {logging_mixin.py:109} INFO - [2021-11-26 02:00:44,130] {dagbag.py:500} INFO - Filling up the DagBag from /home/airflow/.local/lib/python3.7/site-packages/airflow/example_dags/example_trigger_target_dag.py
[2021-11-26 02:00:44,181] {processor.py:637} INFO - DAG(s) dict_keys(['example_trigger_target_dag']) retrieved from /home/airflow/.local/lib/python3.7/site-packages/airflow/example_dags/example_trigger_target_dag.py
[2021-11-26 02:00:44,204] {logging_mixin.py:109} INFO - [2021-11-26 02:00:44,204] {dag.py:2396} INFO - Sync 1 DAGs
[2021-11-26 02:00:44,242] {logging_mixin.py:109} INFO - [2021-11-26 02:00:44,242] {dag.py:2928} INFO - Setting next_dagrun for example_trigger_target_dag to None
[2021-11-26 02:00:44,257] {processor.py:171} INFO - Processing /home/airflow/.local/lib/python3.7/site-packages/airflow/example_dags/example_trigger_target_dag.py took 0.145 seconds
[2021-11-26 02:01:14,451] {processor.py:163} INFO - Started process (PID=295) to work on /home/airflow/.local/lib/python3.7/site-packages/airflow/example_dags/example_trigger_target_dag.py
[2021-11-26 02:01:14,456] {processor.py:625} INFO - Processing file /home/airflow/.local/lib/python3.7/site-packages/airflow/example_dags/example_trigger_target_dag.py for tasks to queue
[2021-11-26 02:01:14,465] {logging_mixin.py:109} INFO - [2021-11-26 02:01:14,465] {dagbag.py:500} INFO - Filling up the DagBag from /home/airflow/.local/lib/python3.7/site-packages/airflow/example_dags/example_trigger_target_dag.py
[2021-11-26 02:01:14,561] {processor.py:637} INFO - DAG(s) dict_keys(['example_trigger_target_dag']) retrieved from /home/airflow/.local/lib/python3.7/site-packages/airflow/example_dags/example_trigger_target_dag.py
