[2021-11-26 02:00:01,586] {processor.py:163} INFO - Started process (PID=68) to work on /home/airflow/.local/lib/python3.7/site-packages/airflow/example_dags/example_nested_branch_dag.py
[2021-11-26 02:00:01,589] {processor.py:625} INFO - Processing file /home/airflow/.local/lib/python3.7/site-packages/airflow/example_dags/example_nested_branch_dag.py for tasks to queue
[2021-11-26 02:00:01,591] {logging_mixin.py:109} INFO - [2021-11-26 02:00:01,591] {dagbag.py:500} INFO - Filling up the DagBag from /home/airflow/.local/lib/python3.7/site-packages/airflow/example_dags/example_nested_branch_dag.py
[2021-11-26 02:00:01,658] {processor.py:637} INFO - DAG(s) dict_keys(['example_nested_branch_dag']) retrieved from /home/airflow/.local/lib/python3.7/site-packages/airflow/example_dags/example_nested_branch_dag.py
[2021-11-26 02:00:04,423] {logging_mixin.py:109} INFO - [2021-11-26 02:00:04,410] {providers_manager.py:156} WARNING - Exception when importing 'airflow.providers.google.leveldb.hooks.leveldb.LevelDBHook' from 'apache-airflow-providers-google' package: No module named 'plyvel'
[2021-11-26 02:00:06,069] {logging_mixin.py:109} INFO - [2021-11-26 02:00:06,069] {providers_manager.py:156} WARNING - Exception when importing 'airflow.providers.google.leveldb.hooks.leveldb.LevelDBHook' from 'apache-airflow-providers-google' package: No module named 'plyvel'
[2021-11-26 02:00:06,200] {logging_mixin.py:109} INFO - [2021-11-26 02:00:06,200] {manager.py:496} INFO - Created Permission View: can read on DAG:example_nested_branch_dag
[2021-11-26 02:00:06,246] {logging_mixin.py:109} INFO - [2021-11-26 02:00:06,245] {manager.py:496} INFO - Created Permission View: can edit on DAG:example_nested_branch_dag
[2021-11-26 02:00:06,250] {logging_mixin.py:109} INFO - [2021-11-26 02:00:06,249] {dag.py:2396} INFO - Sync 1 DAGs
[2021-11-26 02:00:06,284] {logging_mixin.py:109} INFO - [2021-11-26 02:00:06,284] {dag.py:2415} INFO - Creating ORM DAG for example_nested_branch_dag
[2021-11-26 02:00:06,341] {logging_mixin.py:109} INFO - [2021-11-26 02:00:06,341] {dag.py:2928} INFO - Setting next_dagrun for example_nested_branch_dag to 2021-11-25 00:00:00+00:00
[2021-11-26 02:00:06,421] {processor.py:171} INFO - Processing /home/airflow/.local/lib/python3.7/site-packages/airflow/example_dags/example_nested_branch_dag.py took 4.839 seconds
[2021-11-26 02:00:39,789] {processor.py:163} INFO - Started process (PID=238) to work on /home/airflow/.local/lib/python3.7/site-packages/airflow/example_dags/example_nested_branch_dag.py
[2021-11-26 02:00:39,791] {processor.py:625} INFO - Processing file /home/airflow/.local/lib/python3.7/site-packages/airflow/example_dags/example_nested_branch_dag.py for tasks to queue
[2021-11-26 02:00:39,793] {logging_mixin.py:109} INFO - [2021-11-26 02:00:39,793] {dagbag.py:500} INFO - Filling up the DagBag from /home/airflow/.local/lib/python3.7/site-packages/airflow/example_dags/example_nested_branch_dag.py
[2021-11-26 02:00:39,836] {processor.py:637} INFO - DAG(s) dict_keys(['example_nested_branch_dag']) retrieved from /home/airflow/.local/lib/python3.7/site-packages/airflow/example_dags/example_nested_branch_dag.py
[2021-11-26 02:00:39,867] {logging_mixin.py:109} INFO - [2021-11-26 02:00:39,865] {dag.py:2396} INFO - Sync 1 DAGs
[2021-11-26 02:00:39,894] {logging_mixin.py:109} INFO - [2021-11-26 02:00:39,893] {dag.py:2928} INFO - Setting next_dagrun for example_nested_branch_dag to 2021-11-25 00:00:00+00:00
[2021-11-26 02:00:39,908] {processor.py:171} INFO - Processing /home/airflow/.local/lib/python3.7/site-packages/airflow/example_dags/example_nested_branch_dag.py took 0.123 seconds
[2021-11-26 02:01:10,245] {processor.py:163} INFO - Started process (PID=291) to work on /home/airflow/.local/lib/python3.7/site-packages/airflow/example_dags/example_nested_branch_dag.py
[2021-11-26 02:01:10,247] {processor.py:625} INFO - Processing file /home/airflow/.local/lib/python3.7/site-packages/airflow/example_dags/example_nested_branch_dag.py for tasks to queue
[2021-11-26 02:01:10,251] {logging_mixin.py:109} INFO - [2021-11-26 02:01:10,250] {dagbag.py:500} INFO - Filling up the DagBag from /home/airflow/.local/lib/python3.7/site-packages/airflow/example_dags/example_nested_branch_dag.py
[2021-11-26 02:01:10,315] {processor.py:637} INFO - DAG(s) dict_keys(['example_nested_branch_dag']) retrieved from /home/airflow/.local/lib/python3.7/site-packages/airflow/example_dags/example_nested_branch_dag.py
[2021-11-26 02:01:10,334] {logging_mixin.py:109} INFO - [2021-11-26 02:01:10,334] {dag.py:2396} INFO - Sync 1 DAGs
[2021-11-26 02:01:10,357] {logging_mixin.py:109} INFO - [2021-11-26 02:01:10,357] {dag.py:2928} INFO - Setting next_dagrun for example_nested_branch_dag to 2021-11-25 00:00:00+00:00
[2021-11-26 02:01:10,372] {processor.py:171} INFO - Processing /home/airflow/.local/lib/python3.7/site-packages/airflow/example_dags/example_nested_branch_dag.py took 0.130 seconds
