[2021-12-22 01:33:22,652] {processor.py:163} INFO - Started process (PID=39) to work on /opt/airflow/dags/example.py
[2021-12-22 01:33:22,653] {processor.py:625} INFO - Processing file /opt/airflow/dags/example.py for tasks to queue
[2021-12-22 01:33:22,655] {logging_mixin.py:109} INFO - [2021-12-22 01:33:22,655] {dagbag.py:500} INFO - Filling up the DagBag from /opt/airflow/dags/example.py
[2021-12-22 01:33:23,995] {processor.py:637} INFO - DAG(s) dict_keys(['Example']) retrieved from /opt/airflow/dags/example.py
[2021-12-22 01:33:24,004] {logging_mixin.py:109} INFO - [2021-12-22 01:33:24,004] {dag.py:2396} INFO - Sync 1 DAGs
[2021-12-22 01:33:24,025] {logging_mixin.py:109} INFO - [2021-12-22 01:33:24,025] {dag.py:2928} INFO - Setting next_dagrun for Example to 2021-12-21T01:33:24.025177+00:00
[2021-12-22 01:33:24,038] {processor.py:171} INFO - Processing /opt/airflow/dags/example.py took 1.393 seconds
[2021-12-22 01:33:54,183] {processor.py:163} INFO - Started process (PID=74) to work on /opt/airflow/dags/example.py
[2021-12-22 01:33:54,187] {processor.py:625} INFO - Processing file /opt/airflow/dags/example.py for tasks to queue
[2021-12-22 01:33:54,189] {logging_mixin.py:109} INFO - [2021-12-22 01:33:54,188] {dagbag.py:500} INFO - Filling up the DagBag from /opt/airflow/dags/example.py
[2021-12-22 01:33:57,916] {processor.py:637} INFO - DAG(s) dict_keys(['Example']) retrieved from /opt/airflow/dags/example.py
[2021-12-22 01:33:57,930] {logging_mixin.py:109} INFO - [2021-12-22 01:33:57,929] {dag.py:2396} INFO - Sync 1 DAGs
[2021-12-22 01:33:57,949] {logging_mixin.py:109} INFO - [2021-12-22 01:33:57,949] {dag.py:2928} INFO - Setting next_dagrun for Example to 2021-12-22T01:33:24.025177+00:00
[2021-12-22 01:33:57,958] {processor.py:171} INFO - Processing /opt/airflow/dags/example.py took 3.779 seconds
[2021-12-22 01:34:28,069] {processor.py:163} INFO - Started process (PID=104) to work on /opt/airflow/dags/example.py
[2021-12-22 01:34:28,071] {processor.py:625} INFO - Processing file /opt/airflow/dags/example.py for tasks to queue
[2021-12-22 01:34:28,074] {logging_mixin.py:109} INFO - [2021-12-22 01:34:28,074] {dagbag.py:500} INFO - Filling up the DagBag from /opt/airflow/dags/example.py
[2021-12-22 01:34:29,031] {processor.py:637} INFO - DAG(s) dict_keys(['Example']) retrieved from /opt/airflow/dags/example.py
[2021-12-22 01:34:29,047] {logging_mixin.py:109} INFO - [2021-12-22 01:34:29,046] {dag.py:2396} INFO - Sync 1 DAGs
[2021-12-22 01:34:29,070] {logging_mixin.py:109} INFO - [2021-12-22 01:34:29,070] {dag.py:2928} INFO - Setting next_dagrun for Example to 2021-12-22T01:33:24.025177+00:00
[2021-12-22 01:34:29,087] {processor.py:171} INFO - Processing /opt/airflow/dags/example.py took 1.023 seconds
[2021-12-22 01:34:59,221] {processor.py:163} INFO - Started process (PID=128) to work on /opt/airflow/dags/example.py
[2021-12-22 01:34:59,225] {processor.py:625} INFO - Processing file /opt/airflow/dags/example.py for tasks to queue
[2021-12-22 01:34:59,229] {logging_mixin.py:109} INFO - [2021-12-22 01:34:59,229] {dagbag.py:500} INFO - Filling up the DagBag from /opt/airflow/dags/example.py
[2021-12-22 01:35:00,063] {processor.py:637} INFO - DAG(s) dict_keys(['Example']) retrieved from /opt/airflow/dags/example.py
[2021-12-22 01:35:00,075] {logging_mixin.py:109} INFO - [2021-12-22 01:35:00,074] {dag.py:2396} INFO - Sync 1 DAGs
[2021-12-22 01:35:00,097] {logging_mixin.py:109} INFO - [2021-12-22 01:35:00,097] {dag.py:2928} INFO - Setting next_dagrun for Example to 2021-12-22T01:33:24.025177+00:00
[2021-12-22 01:35:00,112] {processor.py:171} INFO - Processing /opt/airflow/dags/example.py took 0.894 seconds
[2021-12-22 01:35:30,227] {processor.py:163} INFO - Started process (PID=163) to work on /opt/airflow/dags/example.py
[2021-12-22 01:35:30,229] {processor.py:625} INFO - Processing file /opt/airflow/dags/example.py for tasks to queue
[2021-12-22 01:35:30,232] {logging_mixin.py:109} INFO - [2021-12-22 01:35:30,232] {dagbag.py:500} INFO - Filling up the DagBag from /opt/airflow/dags/example.py
[2021-12-22 01:35:30,888] {processor.py:637} INFO - DAG(s) dict_keys(['Example']) retrieved from /opt/airflow/dags/example.py
[2021-12-22 01:35:30,900] {logging_mixin.py:109} INFO - [2021-12-22 01:35:30,899] {dag.py:2396} INFO - Sync 1 DAGs
[2021-12-22 01:35:30,920] {logging_mixin.py:109} INFO - [2021-12-22 01:35:30,920] {dag.py:2928} INFO - Setting next_dagrun for Example to 2021-12-22T01:33:24.025177+00:00
[2021-12-22 01:35:30,930] {processor.py:171} INFO - Processing /opt/airflow/dags/example.py took 0.709 seconds
[2021-12-22 01:36:01,023] {processor.py:163} INFO - Started process (PID=188) to work on /opt/airflow/dags/example.py
[2021-12-22 01:36:01,025] {processor.py:625} INFO - Processing file /opt/airflow/dags/example.py for tasks to queue
[2021-12-22 01:36:01,027] {logging_mixin.py:109} INFO - [2021-12-22 01:36:01,027] {dagbag.py:500} INFO - Filling up the DagBag from /opt/airflow/dags/example.py
[2021-12-22 01:36:01,626] {processor.py:637} INFO - DAG(s) dict_keys(['Example']) retrieved from /opt/airflow/dags/example.py
[2021-12-22 01:36:01,640] {logging_mixin.py:109} INFO - [2021-12-22 01:36:01,639] {dag.py:2396} INFO - Sync 1 DAGs
[2021-12-22 01:36:01,669] {logging_mixin.py:109} INFO - [2021-12-22 01:36:01,669] {dag.py:2928} INFO - Setting next_dagrun for Example to 2021-12-22T01:33:24.025177+00:00
[2021-12-22 01:36:01,685] {processor.py:171} INFO - Processing /opt/airflow/dags/example.py took 0.669 seconds
[2021-12-22 01:36:31,766] {processor.py:163} INFO - Started process (PID=213) to work on /opt/airflow/dags/example.py
[2021-12-22 01:36:31,769] {processor.py:625} INFO - Processing file /opt/airflow/dags/example.py for tasks to queue
[2021-12-22 01:36:31,771] {logging_mixin.py:109} INFO - [2021-12-22 01:36:31,771] {dagbag.py:500} INFO - Filling up the DagBag from /opt/airflow/dags/example.py
[2021-12-22 01:36:32,319] {processor.py:637} INFO - DAG(s) dict_keys(['Example']) retrieved from /opt/airflow/dags/example.py
[2021-12-22 01:36:32,330] {logging_mixin.py:109} INFO - [2021-12-22 01:36:32,329] {dag.py:2396} INFO - Sync 1 DAGs
[2021-12-22 01:36:32,345] {logging_mixin.py:109} INFO - [2021-12-22 01:36:32,345] {dag.py:2928} INFO - Setting next_dagrun for Example to 2021-12-22T01:33:24.025177+00:00
[2021-12-22 01:36:32,355] {processor.py:171} INFO - Processing /opt/airflow/dags/example.py took 0.593 seconds
[2021-12-22 01:37:02,443] {processor.py:163} INFO - Started process (PID=248) to work on /opt/airflow/dags/example.py
[2021-12-22 01:37:02,445] {processor.py:625} INFO - Processing file /opt/airflow/dags/example.py for tasks to queue
[2021-12-22 01:37:02,447] {logging_mixin.py:109} INFO - [2021-12-22 01:37:02,446] {dagbag.py:500} INFO - Filling up the DagBag from /opt/airflow/dags/example.py
[2021-12-22 01:37:03,047] {processor.py:637} INFO - DAG(s) dict_keys(['Example']) retrieved from /opt/airflow/dags/example.py
[2021-12-22 01:37:03,066] {logging_mixin.py:109} INFO - [2021-12-22 01:37:03,065] {dag.py:2396} INFO - Sync 1 DAGs
[2021-12-22 01:37:03,092] {logging_mixin.py:109} INFO - [2021-12-22 01:37:03,092] {dag.py:2928} INFO - Setting next_dagrun for Example to 2021-12-22T01:33:24.025177+00:00
[2021-12-22 01:37:03,105] {processor.py:171} INFO - Processing /opt/airflow/dags/example.py took 0.665 seconds
[2021-12-22 01:37:33,225] {processor.py:163} INFO - Started process (PID=273) to work on /opt/airflow/dags/example.py
[2021-12-22 01:37:33,228] {processor.py:625} INFO - Processing file /opt/airflow/dags/example.py for tasks to queue
[2021-12-22 01:37:33,229] {logging_mixin.py:109} INFO - [2021-12-22 01:37:33,229] {dagbag.py:500} INFO - Filling up the DagBag from /opt/airflow/dags/example.py
[2021-12-22 01:37:33,981] {processor.py:637} INFO - DAG(s) dict_keys(['Example']) retrieved from /opt/airflow/dags/example.py
[2021-12-22 01:37:33,997] {logging_mixin.py:109} INFO - [2021-12-22 01:37:33,997] {dag.py:2396} INFO - Sync 1 DAGs
[2021-12-22 01:37:34,015] {logging_mixin.py:109} INFO - [2021-12-22 01:37:34,015] {dag.py:2928} INFO - Setting next_dagrun for Example to 2021-12-22T01:33:24.025177+00:00
[2021-12-22 01:37:34,040] {processor.py:171} INFO - Processing /opt/airflow/dags/example.py took 0.819 seconds
[2021-12-22 01:38:59,656] {processor.py:163} INFO - Started process (PID=41) to work on /opt/airflow/dags/example.py
[2021-12-22 01:38:59,677] {processor.py:625} INFO - Processing file /opt/airflow/dags/example.py for tasks to queue
[2021-12-22 01:38:59,684] {logging_mixin.py:109} INFO - [2021-12-22 01:38:59,684] {dagbag.py:500} INFO - Filling up the DagBag from /opt/airflow/dags/example.py
[2021-12-22 01:39:01,845] {processor.py:637} INFO - DAG(s) dict_keys(['Example']) retrieved from /opt/airflow/dags/example.py
[2021-12-22 01:39:01,860] {logging_mixin.py:109} INFO - [2021-12-22 01:39:01,859] {dag.py:2396} INFO - Sync 1 DAGs
[2021-12-22 01:39:01,902] {logging_mixin.py:109} INFO - [2021-12-22 01:39:01,902] {dag.py:2928} INFO - Setting next_dagrun for Example to 2021-12-22T01:33:24.025177+00:00
[2021-12-22 01:39:02,013] {processor.py:171} INFO - Processing /opt/airflow/dags/example.py took 2.380 seconds
[2021-12-22 01:39:32,118] {processor.py:163} INFO - Started process (PID=71) to work on /opt/airflow/dags/example.py
[2021-12-22 01:39:32,121] {processor.py:625} INFO - Processing file /opt/airflow/dags/example.py for tasks to queue
[2021-12-22 01:39:32,123] {logging_mixin.py:109} INFO - [2021-12-22 01:39:32,122] {dagbag.py:500} INFO - Filling up the DagBag from /opt/airflow/dags/example.py
[2021-12-22 01:39:32,922] {processor.py:637} INFO - DAG(s) dict_keys(['Example']) retrieved from /opt/airflow/dags/example.py
[2021-12-22 01:39:32,933] {logging_mixin.py:109} INFO - [2021-12-22 01:39:32,932] {dag.py:2396} INFO - Sync 1 DAGs
[2021-12-22 01:39:32,949] {logging_mixin.py:109} INFO - [2021-12-22 01:39:32,949] {dag.py:2928} INFO - Setting next_dagrun for Example to 2021-12-22T01:33:24.025177+00:00
[2021-12-22 01:39:32,969] {processor.py:171} INFO - Processing /opt/airflow/dags/example.py took 0.859 seconds
[2021-12-22 01:40:48,965] {processor.py:163} INFO - Started process (PID=40) to work on /opt/airflow/dags/example.py
[2021-12-22 01:40:48,976] {processor.py:625} INFO - Processing file /opt/airflow/dags/example.py for tasks to queue
[2021-12-22 01:40:48,980] {logging_mixin.py:109} INFO - [2021-12-22 01:40:48,980] {dagbag.py:500} INFO - Filling up the DagBag from /opt/airflow/dags/example.py
[2021-12-22 01:40:49,807] {processor.py:637} INFO - DAG(s) dict_keys(['Example']) retrieved from /opt/airflow/dags/example.py
[2021-12-22 01:40:49,825] {logging_mixin.py:109} INFO - [2021-12-22 01:40:49,825] {dag.py:2396} INFO - Sync 1 DAGs
[2021-12-22 01:40:49,877] {logging_mixin.py:109} INFO - [2021-12-22 01:40:49,876] {dag.py:2928} INFO - Setting next_dagrun for Example to 2021-12-22T01:33:24.025177+00:00
[2021-12-22 01:40:49,895] {processor.py:171} INFO - Processing /opt/airflow/dags/example.py took 0.945 seconds
[2021-12-22 01:41:20,291] {processor.py:163} INFO - Started process (PID=65) to work on /opt/airflow/dags/example.py
[2021-12-22 01:41:20,293] {processor.py:625} INFO - Processing file /opt/airflow/dags/example.py for tasks to queue
[2021-12-22 01:41:20,294] {logging_mixin.py:109} INFO - [2021-12-22 01:41:20,294] {dagbag.py:500} INFO - Filling up the DagBag from /opt/airflow/dags/example.py
[2021-12-22 01:41:20,945] {processor.py:637} INFO - DAG(s) dict_keys(['Example']) retrieved from /opt/airflow/dags/example.py
[2021-12-22 01:41:20,955] {logging_mixin.py:109} INFO - [2021-12-22 01:41:20,954] {dag.py:2396} INFO - Sync 1 DAGs
[2021-12-22 01:41:20,971] {logging_mixin.py:109} INFO - [2021-12-22 01:41:20,970] {dag.py:2928} INFO - Setting next_dagrun for Example to 2021-12-22T01:33:24.025177+00:00
[2021-12-22 01:41:20,982] {processor.py:171} INFO - Processing /opt/airflow/dags/example.py took 0.695 seconds
[2021-12-22 01:41:51,449] {processor.py:163} INFO - Started process (PID=99) to work on /opt/airflow/dags/example.py
[2021-12-22 01:41:51,451] {processor.py:625} INFO - Processing file /opt/airflow/dags/example.py for tasks to queue
[2021-12-22 01:41:51,453] {logging_mixin.py:109} INFO - [2021-12-22 01:41:51,452] {dagbag.py:500} INFO - Filling up the DagBag from /opt/airflow/dags/example.py
[2021-12-22 01:41:52,058] {processor.py:637} INFO - DAG(s) dict_keys(['Example']) retrieved from /opt/airflow/dags/example.py
[2021-12-22 01:41:52,085] {logging_mixin.py:109} INFO - [2021-12-22 01:41:52,084] {dag.py:2396} INFO - Sync 1 DAGs
[2021-12-22 01:41:52,102] {logging_mixin.py:109} INFO - [2021-12-22 01:41:52,102] {dag.py:2928} INFO - Setting next_dagrun for Example to 2021-12-22T01:33:24.025177+00:00
[2021-12-22 01:41:52,115] {processor.py:171} INFO - Processing /opt/airflow/dags/example.py took 0.670 seconds
[2021-12-22 01:42:22,619] {processor.py:163} INFO - Started process (PID=124) to work on /opt/airflow/dags/example.py
[2021-12-22 01:42:22,621] {processor.py:625} INFO - Processing file /opt/airflow/dags/example.py for tasks to queue
[2021-12-22 01:42:22,622] {logging_mixin.py:109} INFO - [2021-12-22 01:42:22,622] {dagbag.py:500} INFO - Filling up the DagBag from /opt/airflow/dags/example.py
[2021-12-22 01:42:23,191] {processor.py:637} INFO - DAG(s) dict_keys(['Example']) retrieved from /opt/airflow/dags/example.py
[2021-12-22 01:42:23,202] {logging_mixin.py:109} INFO - [2021-12-22 01:42:23,201] {dag.py:2396} INFO - Sync 1 DAGs
[2021-12-22 01:42:23,233] {logging_mixin.py:109} INFO - [2021-12-22 01:42:23,233] {dag.py:2928} INFO - Setting next_dagrun for Example to 2021-12-22T01:33:24.025177+00:00
[2021-12-22 01:42:23,248] {processor.py:171} INFO - Processing /opt/airflow/dags/example.py took 0.633 seconds
[2021-12-22 01:42:53,785] {processor.py:163} INFO - Started process (PID=159) to work on /opt/airflow/dags/example.py
[2021-12-22 01:42:53,787] {processor.py:625} INFO - Processing file /opt/airflow/dags/example.py for tasks to queue
[2021-12-22 01:42:53,788] {logging_mixin.py:109} INFO - [2021-12-22 01:42:53,788] {dagbag.py:500} INFO - Filling up the DagBag from /opt/airflow/dags/example.py
[2021-12-22 01:42:54,422] {processor.py:637} INFO - DAG(s) dict_keys(['Example']) retrieved from /opt/airflow/dags/example.py
[2021-12-22 01:42:54,434] {logging_mixin.py:109} INFO - [2021-12-22 01:42:54,433] {dag.py:2396} INFO - Sync 1 DAGs
[2021-12-22 01:42:54,451] {logging_mixin.py:109} INFO - [2021-12-22 01:42:54,451] {dag.py:2928} INFO - Setting next_dagrun for Example to 2021-12-22T01:33:24.025177+00:00
[2021-12-22 01:42:54,466] {processor.py:171} INFO - Processing /opt/airflow/dags/example.py took 0.688 seconds
[2021-12-22 01:43:25,131] {processor.py:163} INFO - Started process (PID=189) to work on /opt/airflow/dags/example.py
[2021-12-22 01:43:25,133] {processor.py:625} INFO - Processing file /opt/airflow/dags/example.py for tasks to queue
[2021-12-22 01:43:25,134] {logging_mixin.py:109} INFO - [2021-12-22 01:43:25,134] {dagbag.py:500} INFO - Filling up the DagBag from /opt/airflow/dags/example.py
[2021-12-22 01:43:25,771] {processor.py:637} INFO - DAG(s) dict_keys(['Example']) retrieved from /opt/airflow/dags/example.py
[2021-12-22 01:43:25,783] {logging_mixin.py:109} INFO - [2021-12-22 01:43:25,783] {dag.py:2396} INFO - Sync 1 DAGs
[2021-12-22 01:43:25,802] {logging_mixin.py:109} INFO - [2021-12-22 01:43:25,802] {dag.py:2928} INFO - Setting next_dagrun for Example to 2021-12-22T01:33:24.025177+00:00
[2021-12-22 01:43:25,814] {processor.py:171} INFO - Processing /opt/airflow/dags/example.py took 0.686 seconds
[2021-12-22 01:43:56,014] {processor.py:163} INFO - Started process (PID=226) to work on /opt/airflow/dags/example.py
[2021-12-22 01:43:56,016] {processor.py:625} INFO - Processing file /opt/airflow/dags/example.py for tasks to queue
[2021-12-22 01:43:56,018] {logging_mixin.py:109} INFO - [2021-12-22 01:43:56,018] {dagbag.py:500} INFO - Filling up the DagBag from /opt/airflow/dags/example.py
[2021-12-22 01:43:56,621] {processor.py:637} INFO - DAG(s) dict_keys(['Example']) retrieved from /opt/airflow/dags/example.py
[2021-12-22 01:43:56,636] {logging_mixin.py:109} INFO - [2021-12-22 01:43:56,636] {dag.py:2396} INFO - Sync 1 DAGs
[2021-12-22 01:43:56,657] {logging_mixin.py:109} INFO - [2021-12-22 01:43:56,657] {dag.py:2928} INFO - Setting next_dagrun for Example to 2021-12-22T01:33:24.025177+00:00
[2021-12-22 01:43:56,671] {processor.py:171} INFO - Processing /opt/airflow/dags/example.py took 0.671 seconds
[2021-12-22 01:44:26,886] {processor.py:163} INFO - Started process (PID=251) to work on /opt/airflow/dags/example.py
[2021-12-22 01:44:26,888] {processor.py:625} INFO - Processing file /opt/airflow/dags/example.py for tasks to queue
[2021-12-22 01:44:26,889] {logging_mixin.py:109} INFO - [2021-12-22 01:44:26,889] {dagbag.py:500} INFO - Filling up the DagBag from /opt/airflow/dags/example.py
[2021-12-22 01:44:27,506] {processor.py:637} INFO - DAG(s) dict_keys(['Example']) retrieved from /opt/airflow/dags/example.py
[2021-12-22 01:44:27,521] {logging_mixin.py:109} INFO - [2021-12-22 01:44:27,521] {dag.py:2396} INFO - Sync 1 DAGs
[2021-12-22 01:44:27,541] {logging_mixin.py:109} INFO - [2021-12-22 01:44:27,541] {dag.py:2928} INFO - Setting next_dagrun for Example to 2021-12-22T01:33:24.025177+00:00
[2021-12-22 01:44:27,556] {processor.py:171} INFO - Processing /opt/airflow/dags/example.py took 0.674 seconds
[2021-12-22 01:44:58,049] {processor.py:163} INFO - Started process (PID=282) to work on /opt/airflow/dags/example.py
[2021-12-22 01:44:58,051] {processor.py:625} INFO - Processing file /opt/airflow/dags/example.py for tasks to queue
[2021-12-22 01:44:58,052] {logging_mixin.py:109} INFO - [2021-12-22 01:44:58,052] {dagbag.py:500} INFO - Filling up the DagBag from /opt/airflow/dags/example.py
[2021-12-22 01:44:58,824] {processor.py:637} INFO - DAG(s) dict_keys(['Example']) retrieved from /opt/airflow/dags/example.py
[2021-12-22 01:44:58,835] {logging_mixin.py:109} INFO - [2021-12-22 01:44:58,835] {dag.py:2396} INFO - Sync 1 DAGs
[2021-12-22 01:44:58,854] {logging_mixin.py:109} INFO - [2021-12-22 01:44:58,854] {dag.py:2928} INFO - Setting next_dagrun for Example to 2021-12-22T01:33:24.025177+00:00
[2021-12-22 01:44:58,882] {processor.py:171} INFO - Processing /opt/airflow/dags/example.py took 0.838 seconds
[2021-12-22 01:45:29,306] {processor.py:163} INFO - Started process (PID=324) to work on /opt/airflow/dags/example.py
[2021-12-22 01:45:29,308] {processor.py:625} INFO - Processing file /opt/airflow/dags/example.py for tasks to queue
[2021-12-22 01:45:29,310] {logging_mixin.py:109} INFO - [2021-12-22 01:45:29,310] {dagbag.py:500} INFO - Filling up the DagBag from /opt/airflow/dags/example.py
[2021-12-22 01:45:29,941] {processor.py:637} INFO - DAG(s) dict_keys(['Example']) retrieved from /opt/airflow/dags/example.py
[2021-12-22 01:45:29,962] {logging_mixin.py:109} INFO - [2021-12-22 01:45:29,962] {dag.py:2396} INFO - Sync 1 DAGs
[2021-12-22 01:45:29,987] {logging_mixin.py:109} INFO - [2021-12-22 01:45:29,987] {dag.py:2928} INFO - Setting next_dagrun for Example to 2021-12-22T01:33:24.025177+00:00
[2021-12-22 01:45:30,002] {processor.py:171} INFO - Processing /opt/airflow/dags/example.py took 0.701 seconds
[2021-12-22 01:46:00,084] {processor.py:163} INFO - Started process (PID=349) to work on /opt/airflow/dags/example.py
[2021-12-22 01:46:00,086] {processor.py:625} INFO - Processing file /opt/airflow/dags/example.py for tasks to queue
[2021-12-22 01:46:00,087] {logging_mixin.py:109} INFO - [2021-12-22 01:46:00,087] {dagbag.py:500} INFO - Filling up the DagBag from /opt/airflow/dags/example.py
[2021-12-22 01:46:00,749] {processor.py:637} INFO - DAG(s) dict_keys(['Example']) retrieved from /opt/airflow/dags/example.py
[2021-12-22 01:46:00,761] {logging_mixin.py:109} INFO - [2021-12-22 01:46:00,760] {dag.py:2396} INFO - Sync 1 DAGs
[2021-12-22 01:46:00,781] {logging_mixin.py:109} INFO - [2021-12-22 01:46:00,781] {dag.py:2928} INFO - Setting next_dagrun for Example to 2021-12-22T01:33:24.025177+00:00
[2021-12-22 01:46:00,796] {processor.py:171} INFO - Processing /opt/airflow/dags/example.py took 0.716 seconds
[2021-12-22 01:46:31,198] {processor.py:163} INFO - Started process (PID=385) to work on /opt/airflow/dags/example.py
[2021-12-22 01:46:31,200] {processor.py:625} INFO - Processing file /opt/airflow/dags/example.py for tasks to queue
[2021-12-22 01:46:31,201] {logging_mixin.py:109} INFO - [2021-12-22 01:46:31,201] {dagbag.py:500} INFO - Filling up the DagBag from /opt/airflow/dags/example.py
[2021-12-22 01:46:31,800] {processor.py:637} INFO - DAG(s) dict_keys(['Example']) retrieved from /opt/airflow/dags/example.py
[2021-12-22 01:46:31,814] {logging_mixin.py:109} INFO - [2021-12-22 01:46:31,813] {dag.py:2396} INFO - Sync 1 DAGs
[2021-12-22 01:46:31,841] {logging_mixin.py:109} INFO - [2021-12-22 01:46:31,840] {dag.py:2928} INFO - Setting next_dagrun for Example to 2021-12-22T01:33:24.025177+00:00
[2021-12-22 01:46:31,871] {processor.py:171} INFO - Processing /opt/airflow/dags/example.py took 0.677 seconds
[2021-12-22 01:47:02,510] {processor.py:163} INFO - Started process (PID=411) to work on /opt/airflow/dags/example.py
[2021-12-22 01:47:02,512] {processor.py:625} INFO - Processing file /opt/airflow/dags/example.py for tasks to queue
[2021-12-22 01:47:02,514] {logging_mixin.py:109} INFO - [2021-12-22 01:47:02,514] {dagbag.py:500} INFO - Filling up the DagBag from /opt/airflow/dags/example.py
[2021-12-22 01:47:03,089] {processor.py:637} INFO - DAG(s) dict_keys(['Example']) retrieved from /opt/airflow/dags/example.py
[2021-12-22 01:47:03,102] {logging_mixin.py:109} INFO - [2021-12-22 01:47:03,101] {dag.py:2396} INFO - Sync 1 DAGs
[2021-12-22 01:47:03,121] {logging_mixin.py:109} INFO - [2021-12-22 01:47:03,121] {dag.py:2928} INFO - Setting next_dagrun for Example to 2021-12-22T01:33:24.025177+00:00
[2021-12-22 01:47:03,131] {processor.py:171} INFO - Processing /opt/airflow/dags/example.py took 0.624 seconds
[2021-12-22 01:47:33,763] {processor.py:163} INFO - Started process (PID=448) to work on /opt/airflow/dags/example.py
[2021-12-22 01:47:33,765] {processor.py:625} INFO - Processing file /opt/airflow/dags/example.py for tasks to queue
[2021-12-22 01:47:33,766] {logging_mixin.py:109} INFO - [2021-12-22 01:47:33,766] {dagbag.py:500} INFO - Filling up the DagBag from /opt/airflow/dags/example.py
[2021-12-22 01:47:34,344] {processor.py:637} INFO - DAG(s) dict_keys(['Example']) retrieved from /opt/airflow/dags/example.py
[2021-12-22 01:47:34,356] {logging_mixin.py:109} INFO - [2021-12-22 01:47:34,355] {dag.py:2396} INFO - Sync 1 DAGs
[2021-12-22 01:47:34,374] {logging_mixin.py:109} INFO - [2021-12-22 01:47:34,373] {dag.py:2928} INFO - Setting next_dagrun for Example to 2021-12-22T01:33:24.025177+00:00
[2021-12-22 01:47:34,387] {processor.py:171} INFO - Processing /opt/airflow/dags/example.py took 0.628 seconds
[2021-12-22 01:48:04,936] {processor.py:163} INFO - Started process (PID=472) to work on /opt/airflow/dags/example.py
[2021-12-22 01:48:04,939] {processor.py:625} INFO - Processing file /opt/airflow/dags/example.py for tasks to queue
[2021-12-22 01:48:04,940] {logging_mixin.py:109} INFO - [2021-12-22 01:48:04,940] {dagbag.py:500} INFO - Filling up the DagBag from /opt/airflow/dags/example.py
[2021-12-22 01:48:05,608] {processor.py:637} INFO - DAG(s) dict_keys(['Example']) retrieved from /opt/airflow/dags/example.py
[2021-12-22 01:48:05,621] {logging_mixin.py:109} INFO - [2021-12-22 01:48:05,620] {dag.py:2396} INFO - Sync 1 DAGs
[2021-12-22 01:48:05,645] {logging_mixin.py:109} INFO - [2021-12-22 01:48:05,644] {dag.py:2928} INFO - Setting next_dagrun for Example to 2021-12-22T01:33:24.025177+00:00
[2021-12-22 01:48:05,659] {processor.py:171} INFO - Processing /opt/airflow/dags/example.py took 0.734 seconds
[2021-12-22 01:49:18,843] {processor.py:163} INFO - Started process (PID=41) to work on /opt/airflow/dags/example.py
[2021-12-22 01:49:18,859] {processor.py:625} INFO - Processing file /opt/airflow/dags/example.py for tasks to queue
[2021-12-22 01:49:18,861] {logging_mixin.py:109} INFO - [2021-12-22 01:49:18,861] {dagbag.py:500} INFO - Filling up the DagBag from /opt/airflow/dags/example.py
[2021-12-22 01:49:20,871] {processor.py:637} INFO - DAG(s) dict_keys(['Example']) retrieved from /opt/airflow/dags/example.py
[2021-12-22 01:49:20,886] {logging_mixin.py:109} INFO - [2021-12-22 01:49:20,886] {dag.py:2396} INFO - Sync 1 DAGs
[2021-12-22 01:49:20,918] {logging_mixin.py:109} INFO - [2021-12-22 01:49:20,918] {dag.py:2928} INFO - Setting next_dagrun for Example to 2021-12-22T01:33:24.025177+00:00
[2021-12-22 01:49:20,949] {processor.py:171} INFO - Processing /opt/airflow/dags/example.py took 2.111 seconds
[2021-12-22 01:49:51,082] {processor.py:163} INFO - Started process (PID=76) to work on /opt/airflow/dags/example.py
[2021-12-22 01:49:51,084] {processor.py:625} INFO - Processing file /opt/airflow/dags/example.py for tasks to queue
[2021-12-22 01:49:51,085] {logging_mixin.py:109} INFO - [2021-12-22 01:49:51,085] {dagbag.py:500} INFO - Filling up the DagBag from /opt/airflow/dags/example.py
[2021-12-22 01:49:51,836] {processor.py:637} INFO - DAG(s) dict_keys(['Example']) retrieved from /opt/airflow/dags/example.py
[2021-12-22 01:49:51,848] {logging_mixin.py:109} INFO - [2021-12-22 01:49:51,847] {dag.py:2396} INFO - Sync 1 DAGs
[2021-12-22 01:49:51,865] {logging_mixin.py:109} INFO - [2021-12-22 01:49:51,864] {dag.py:2928} INFO - Setting next_dagrun for Example to 2021-12-22T01:33:24.025177+00:00
[2021-12-22 01:49:51,877] {processor.py:171} INFO - Processing /opt/airflow/dags/example.py took 0.801 seconds
[2021-12-22 01:50:22,748] {processor.py:163} INFO - Started process (PID=106) to work on /opt/airflow/dags/example.py
[2021-12-22 01:50:22,750] {processor.py:625} INFO - Processing file /opt/airflow/dags/example.py for tasks to queue
[2021-12-22 01:50:22,751] {logging_mixin.py:109} INFO - [2021-12-22 01:50:22,751] {dagbag.py:500} INFO - Filling up the DagBag from /opt/airflow/dags/example.py
[2021-12-22 01:50:23,324] {processor.py:637} INFO - DAG(s) dict_keys(['Example']) retrieved from /opt/airflow/dags/example.py
[2021-12-22 01:50:23,336] {logging_mixin.py:109} INFO - [2021-12-22 01:50:23,335] {dag.py:2396} INFO - Sync 1 DAGs
[2021-12-22 01:50:23,351] {logging_mixin.py:109} INFO - [2021-12-22 01:50:23,351] {dag.py:2928} INFO - Setting next_dagrun for Example to 2021-12-22T01:33:24.025177+00:00
[2021-12-22 01:50:23,363] {processor.py:171} INFO - Processing /opt/airflow/dags/example.py took 0.619 seconds
[2021-12-22 01:50:53,946] {processor.py:163} INFO - Started process (PID=143) to work on /opt/airflow/dags/example.py
[2021-12-22 01:50:53,948] {processor.py:625} INFO - Processing file /opt/airflow/dags/example.py for tasks to queue
[2021-12-22 01:50:53,950] {logging_mixin.py:109} INFO - [2021-12-22 01:50:53,949] {dagbag.py:500} INFO - Filling up the DagBag from /opt/airflow/dags/example.py
[2021-12-22 01:50:54,531] {processor.py:637} INFO - DAG(s) dict_keys(['Example']) retrieved from /opt/airflow/dags/example.py
[2021-12-22 01:50:54,542] {logging_mixin.py:109} INFO - [2021-12-22 01:50:54,541] {dag.py:2396} INFO - Sync 1 DAGs
[2021-12-22 01:50:54,557] {logging_mixin.py:109} INFO - [2021-12-22 01:50:54,557] {dag.py:2928} INFO - Setting next_dagrun for Example to 2021-12-22T01:33:24.025177+00:00
[2021-12-22 01:50:54,568] {processor.py:171} INFO - Processing /opt/airflow/dags/example.py took 0.626 seconds
[2021-12-22 01:51:25,137] {processor.py:163} INFO - Started process (PID=170) to work on /opt/airflow/dags/example.py
[2021-12-22 01:51:25,139] {processor.py:625} INFO - Processing file /opt/airflow/dags/example.py for tasks to queue
[2021-12-22 01:51:25,140] {logging_mixin.py:109} INFO - [2021-12-22 01:51:25,140] {dagbag.py:500} INFO - Filling up the DagBag from /opt/airflow/dags/example.py
[2021-12-22 01:51:25,687] {processor.py:637} INFO - DAG(s) dict_keys(['Example']) retrieved from /opt/airflow/dags/example.py
[2021-12-22 01:51:25,698] {logging_mixin.py:109} INFO - [2021-12-22 01:51:25,697] {dag.py:2396} INFO - Sync 1 DAGs
[2021-12-22 01:51:25,713] {logging_mixin.py:109} INFO - [2021-12-22 01:51:25,713] {dag.py:2928} INFO - Setting next_dagrun for Example to 2021-12-22T01:33:24.025177+00:00
[2021-12-22 01:51:25,725] {processor.py:171} INFO - Processing /opt/airflow/dags/example.py took 0.592 seconds
[2021-12-22 01:51:56,335] {processor.py:163} INFO - Started process (PID=206) to work on /opt/airflow/dags/example.py
[2021-12-22 01:51:56,337] {processor.py:625} INFO - Processing file /opt/airflow/dags/example.py for tasks to queue
[2021-12-22 01:51:56,339] {logging_mixin.py:109} INFO - [2021-12-22 01:51:56,339] {dagbag.py:500} INFO - Filling up the DagBag from /opt/airflow/dags/example.py
[2021-12-22 01:51:56,881] {processor.py:637} INFO - DAG(s) dict_keys(['Example']) retrieved from /opt/airflow/dags/example.py
[2021-12-22 01:51:56,892] {logging_mixin.py:109} INFO - [2021-12-22 01:51:56,891] {dag.py:2396} INFO - Sync 1 DAGs
[2021-12-22 01:51:56,908] {logging_mixin.py:109} INFO - [2021-12-22 01:51:56,908] {dag.py:2928} INFO - Setting next_dagrun for Example to 2021-12-22T01:33:24.025177+00:00
[2021-12-22 01:51:56,919] {processor.py:171} INFO - Processing /opt/airflow/dags/example.py took 0.589 seconds
[2021-12-22 01:52:27,510] {processor.py:163} INFO - Started process (PID=235) to work on /opt/airflow/dags/example.py
[2021-12-22 01:52:27,512] {processor.py:625} INFO - Processing file /opt/airflow/dags/example.py for tasks to queue
[2021-12-22 01:52:27,514] {logging_mixin.py:109} INFO - [2021-12-22 01:52:27,514] {dagbag.py:500} INFO - Filling up the DagBag from /opt/airflow/dags/example.py
[2021-12-22 01:52:28,086] {processor.py:637} INFO - DAG(s) dict_keys(['Example']) retrieved from /opt/airflow/dags/example.py
[2021-12-22 01:52:28,098] {logging_mixin.py:109} INFO - [2021-12-22 01:52:28,098] {dag.py:2396} INFO - Sync 1 DAGs
[2021-12-22 01:52:28,116] {logging_mixin.py:109} INFO - [2021-12-22 01:52:28,115] {dag.py:2928} INFO - Setting next_dagrun for Example to 2021-12-22T01:33:24.025177+00:00
[2021-12-22 01:52:28,128] {processor.py:171} INFO - Processing /opt/airflow/dags/example.py took 0.625 seconds
[2021-12-22 01:52:58,689] {processor.py:163} INFO - Started process (PID=269) to work on /opt/airflow/dags/example.py
[2021-12-22 01:52:58,691] {processor.py:625} INFO - Processing file /opt/airflow/dags/example.py for tasks to queue
[2021-12-22 01:52:58,692] {logging_mixin.py:109} INFO - [2021-12-22 01:52:58,692] {dagbag.py:500} INFO - Filling up the DagBag from /opt/airflow/dags/example.py
[2021-12-22 01:52:59,231] {processor.py:637} INFO - DAG(s) dict_keys(['Example']) retrieved from /opt/airflow/dags/example.py
[2021-12-22 01:52:59,240] {logging_mixin.py:109} INFO - [2021-12-22 01:52:59,240] {dag.py:2396} INFO - Sync 1 DAGs
[2021-12-22 01:52:59,257] {logging_mixin.py:109} INFO - [2021-12-22 01:52:59,257] {dag.py:2928} INFO - Setting next_dagrun for Example to 2021-12-22T01:33:24.025177+00:00
[2021-12-22 01:52:59,268] {processor.py:171} INFO - Processing /opt/airflow/dags/example.py took 0.583 seconds
[2021-12-22 01:53:29,854] {processor.py:163} INFO - Started process (PID=295) to work on /opt/airflow/dags/example.py
[2021-12-22 01:53:29,857] {processor.py:625} INFO - Processing file /opt/airflow/dags/example.py for tasks to queue
[2021-12-22 01:53:29,859] {logging_mixin.py:109} INFO - [2021-12-22 01:53:29,858] {dagbag.py:500} INFO - Filling up the DagBag from /opt/airflow/dags/example.py
[2021-12-22 01:53:30,528] {processor.py:637} INFO - DAG(s) dict_keys(['Example']) retrieved from /opt/airflow/dags/example.py
[2021-12-22 01:53:30,541] {logging_mixin.py:109} INFO - [2021-12-22 01:53:30,541] {dag.py:2396} INFO - Sync 1 DAGs
[2021-12-22 01:53:30,559] {logging_mixin.py:109} INFO - [2021-12-22 01:53:30,559] {dag.py:2928} INFO - Setting next_dagrun for Example to 2021-12-22T01:33:24.025177+00:00
[2021-12-22 01:53:30,569] {processor.py:171} INFO - Processing /opt/airflow/dags/example.py took 0.721 seconds
[2021-12-22 01:54:01,053] {processor.py:163} INFO - Started process (PID=330) to work on /opt/airflow/dags/example.py
[2021-12-22 01:54:01,056] {processor.py:625} INFO - Processing file /opt/airflow/dags/example.py for tasks to queue
[2021-12-22 01:54:01,057] {logging_mixin.py:109} INFO - [2021-12-22 01:54:01,057] {dagbag.py:500} INFO - Filling up the DagBag from /opt/airflow/dags/example.py
[2021-12-22 01:54:01,992] {processor.py:637} INFO - DAG(s) dict_keys(['Example']) retrieved from /opt/airflow/dags/example.py
[2021-12-22 01:54:02,003] {logging_mixin.py:109} INFO - [2021-12-22 01:54:02,003] {dag.py:2396} INFO - Sync 1 DAGs
[2021-12-22 01:54:02,022] {logging_mixin.py:109} INFO - [2021-12-22 01:54:02,022] {dag.py:2928} INFO - Setting next_dagrun for Example to 2021-12-22T01:33:24.025177+00:00
[2021-12-22 01:54:02,035] {processor.py:171} INFO - Processing /opt/airflow/dags/example.py took 0.989 seconds
[2021-12-22 01:54:32,235] {processor.py:163} INFO - Started process (PID=355) to work on /opt/airflow/dags/example.py
[2021-12-22 01:54:32,237] {processor.py:625} INFO - Processing file /opt/airflow/dags/example.py for tasks to queue
[2021-12-22 01:54:32,238] {logging_mixin.py:109} INFO - [2021-12-22 01:54:32,238] {dagbag.py:500} INFO - Filling up the DagBag from /opt/airflow/dags/example.py
[2021-12-22 01:54:32,825] {processor.py:637} INFO - DAG(s) dict_keys(['Example']) retrieved from /opt/airflow/dags/example.py
[2021-12-22 01:54:32,839] {logging_mixin.py:109} INFO - [2021-12-22 01:54:32,838] {dag.py:2396} INFO - Sync 1 DAGs
[2021-12-22 01:54:32,856] {logging_mixin.py:109} INFO - [2021-12-22 01:54:32,856] {dag.py:2928} INFO - Setting next_dagrun for Example to 2021-12-22T01:33:24.025177+00:00
[2021-12-22 01:54:32,869] {processor.py:171} INFO - Processing /opt/airflow/dags/example.py took 0.638 seconds
